<?xml version="1.0" encoding="UTF-8" ?>
<testsuite tests="1" failures="0" name="com.psj.user.test.RedisUtilTest" time="0.004" errors="0" skipped="0">
  <properties>
    <property name="idea.version" value="2021.3.3"/>
    <property name="java.runtime.name" value="Java(TM) SE Runtime Environment"/>
    <property name="sun.boot.library.path" value="D:\jdk1.8u\jre\bin"/>
    <property name="java.vm.version" value="25.431-b10"/>
    <property name="java.vm.vendor" value="Oracle Corporation"/>
    <property name="maven.multiModuleProjectDirectory" value="E:\workerIde\ape-frame"/>
    <property name="java.vendor.url" value="http://java.oracle.com/"/>
    <property name="path.separator" value=";"/>
    <property name="guice.disable.misplaced.annotation.check" value="true"/>
    <property name="java.vm.name" value="Java HotSpot(TM) 64-Bit Server VM"/>
    <property name="file.encoding.pkg" value="sun.io"/>
    <property name="user.script" value=""/>
    <property name="user.country" value="CN"/>
    <property name="sun.java.launcher" value="SUN_STANDARD"/>
    <property name="sun.os.patch.level" value=""/>
    <property name="java.vm.specification.name" value="Java Virtual Machine Specification"/>
    <property name="user.dir" value="E:\workerIde\ape-frame"/>
    <property name="java.runtime.version" value="1.8.0_431-b10"/>
    <property name="java.awt.graphicsenv" value="sun.awt.Win32GraphicsEnvironment"/>
    <property name="java.endorsed.dirs" value="D:\jdk1.8u\jre\lib\endorsed"/>
    <property name="os.arch" value="amd64"/>
    <property name="java.io.tmpdir" value="C:\Users\psj\AppData\Local\Temp\"/>
    <property name="line.separator" value="
"/>
    <property name="java.vm.specification.vendor" value="Oracle Corporation"/>
    <property name="user.variant" value=""/>
    <property name="os.name" value="Windows 11"/>
    <property name="maven.ext.class.path" value="D:\devetools\idea\IntelliJ IDEA 2021.3.3\plugins\maven\lib\maven-event-listener.jar"/>
    <property name="classworlds.conf" value="D:\devetools\apache-maven-3.8.5\bin\m2.conf"/>
    <property name="sun.jnu.encoding" value="GBK"/>
    <property name="java.library.path" value="D:\jdk1.8u\bin;C:\WINDOWS\Sun\Java\bin;C:\WINDOWS\system32;C:\WINDOWS;D:\devetools\vmw\bin\;C:\Program Files\Common Files\Oracle\Java\javapath;E:\app\oracle\product\12.1.0\dbhome_4\bin;D:\devetools\oracle\product\12.1.0\dbhome_2\bin;E:\app\oracle\product\12.1.0\dbhome_3\bin;D:\devetools\oracle\product\12.1.0\dbhome_1\bin;E:\app\oracle\product\12.1.0\dbhome_1\bin;C:\Program Files (x86)\Common Files\Oracle\Java\java8path;C:\Program Files (x86)\Common Files\Oracle\Java\javapath;D:\devetools\oracle\WINDOWS.X64_193000_db_home\bin;D:\devetools\oracle\dbhomeFree\bin;C:\Windows\system32;C:\Windows;C:\Windows\System32\Wbem;C:\Windows\System32\WindowsPowerShell\v1.0\;C:\Windows\System32\OpenSSH\;C:\Program Files (x86)\NVIDIA Corporation\PhysX\Common;D:\devetools\bandzip\Bandizip\;D:\devetools\apache-maven-3.8.5\bin;D:\devetools\Git\cmd;D:\devetools\jdk21\bin;D:\devetools\jdk21\jre\bin;C:\WINDOWS\system32;C:\WINDOWS;C:\WINDOWS\System32\Wbem;C:\WINDOWS\System32\WindowsPowerShell\v1.0\;C:\WINDOWS\System32\OpenSSH\;D:\devetools\Microsoft VS Code\bin;D:\devetools\nvm;D:\nvm;C:\Program Files\CorpLink\current\module\mdm\x64\policy\bin;D:\devetools\svn\bin;D:\devetools\tomcat\tomcat7\lib;D:\devetools\tomcat\tomcat7\bin;C:\Program Files (x86)\NetSarang\Xftp 8\;C:\Program Files\dotnet\;C:\Program Files (x86)\NetSarang\Xshell 8\;e:\Trae CN\bin;D:\devetools\python3.12\Scripts\;D:\devetools\python3.12\;C:\Users\psj\AppData\Local\Microsoft\WindowsApps;D:\devetools\nvm;D:\nvm;E:\gradle-8.1.1\bin;;."/>
    <property name="maven.conf" value="D:\devetools\apache-maven-3.8.5/conf"/>
    <property name="java.specification.name" value="Java Platform API Specification"/>
    <property name="java.class.version" value="52.0"/>
    <property name="sun.management.compiler" value="HotSpot 64-Bit Tiered Compilers"/>
    <property name="os.version" value="10.0"/>
    <property name="user.home" value="C:\Users\psj"/>
    <property name="user.timezone" value="Asia/Shanghai"/>
    <property name="java.awt.printerjob" value="sun.awt.windows.WPrinterJob"/>
    <property name="java.specification.version" value="1.8"/>
    <property name="file.encoding" value="UTF-8"/>
    <property name="user.name" value="psj"/>
    <property name="java.class.path" value="D:\devetools\apache-maven-3.8.5\boot\plexus-classworlds-2.6.0.jar;D:\devetools\apache-maven-3.8.5\boot\plexus-classworlds.license;D:\devetools\idea\IntelliJ IDEA 2021.3.3\lib\idea_rt.jar"/>
    <property name="java.vm.specification.version" value="1.8"/>
    <property name="sun.arch.data.model" value="64"/>
    <property name="java.home" value="D:\jdk1.8u\jre"/>
    <property name="sun.java.command" value="org.codehaus.classworlds.Launcher -Didea.version=2021.3.3 -s D:\devetools\apache-maven-3.8.5\conf\settings.xml package"/>
    <property name="java.specification.vendor" value="Oracle Corporation"/>
    <property name="user.language" value="zh"/>
    <property name="awt.toolkit" value="sun.awt.windows.WToolkit"/>
    <property name="java.vm.info" value="mixed mode"/>
    <property name="java.version" value="1.8.0_431"/>
    <property name="java.ext.dirs" value="D:\jdk1.8u\jre\lib\ext;C:\WINDOWS\Sun\Java\lib\ext"/>
    <property name="sun.boot.class.path" value="D:\jdk1.8u\jre\lib\resources.jar;D:\jdk1.8u\jre\lib\rt.jar;D:\jdk1.8u\jre\lib\jsse.jar;D:\jdk1.8u\jre\lib\jce.jar;D:\jdk1.8u\jre\lib\charsets.jar;D:\jdk1.8u\jre\lib\jfr.jar;D:\jdk1.8u\jre\classes"/>
    <property name="java.vendor" value="Oracle Corporation"/>
    <property name="java.specification.maintenance.version" value="6"/>
    <property name="maven.home" value="D:\devetools\apache-maven-3.8.5"/>
    <property name="file.separator" value="\"/>
    <property name="java.vendor.url.bug" value="http://bugreport.sun.com/bugreport/"/>
    <property name="sun.cpu.endian" value="little"/>
    <property name="sun.io.unicode.encoding" value="UnicodeLittle"/>
    <property name="sun.desktop" value="windows"/>
    <property name="sun.cpu.isalist" value="amd64"/>
  </properties>
  <testcase classname="com.psj.user.test.RedisUtilTest" name="testCompareAndSet" time="0.004"/>
</testsuite>